<?xml version="1.0" encoding="UTF-8"?>
<testsuite xmlns:xsi="http://www.w3.org/2001/XMLSchema-instance" xsi:noNamespaceSchemaLocation="https://maven.apache.org/surefire/maven-surefire-plugin/xsd/surefire-test-report.xsd" version="3.0.2" name="com.common_service.CommonServiceApplicationTests" time="3.579" tests="1" errors="0" skipped="0" failures="0">
  <properties>
[...]
</properties>
  <testcase name="contextLoads" classname="com.common_service.CommonServiceApplicationTests" time="1.301">
    <system-out><![CDATA[21:46:09.052 [main] INFO org.springframework.test.context.support.AnnotationConfigContextLoaderUtils -- Could not detect default configuration classes for test class [com.common_service.CommonServiceApplicationTests]: CommonServiceApplicationTests does not declare any static, non-private, non-final, nested classes annotated with @Configuration.
21:46:09.276 [main] INFO org.springframework.boot.test.context.SpringBootTestContextBootstrapper -- Found @SpringBootConfiguration com.common_service.CommonServiceApplication for test class com.common_service.CommonServiceApplicationTests

  .   ____          _            __ _ _
 /\\ / ___'_ __ _ _(_)_ __  __ _ \ \ \ \
( ( )\___ | '_ | '_| | '_ \/ _` | \ \ \ \
 \\/  ___)| |_)| | | | | || (_| |  ) ) ) )
  '  |____| .__|_| |_|_| |_\__, | / / / /
 =========|_|==============|___/=/_/_/_/

 :: Spring Boot ::                (v3.4.4)

2025-05-01T21:46:10.240+05:30  INFO 6236 --- [common-service] [           main] c.c.CommonServiceApplicationTests        : Starting CommonServiceApplicationTests using Java 21.0.6 with PID 6236 (started by Ramesh in E:\Sensor-service\common-service\common-service)
2025-05-01T21:46:10.242+05:30  INFO 6236 --- [common-service] [           main] c.c.CommonServiceApplicationTests        : No active profile set, falling back to 1 default profile: "default"
2025-05-01T21:46:10.963+05:30  INFO 6236 --- [common-service] [           main] c.c.CommonServiceApplicationTests        : Started CommonServiceApplicationTests in 1.406 seconds (process running for 3.137)
]]></system-out>
    <system-err><![CDATA[Mockito is currently self-attaching to enable the inline-mock-maker. This will no longer work in future releases of the JDK. Please add Mockito as an agent to your build what is described in Mockito's documentation: https://javadoc.io/doc/org.mockito/mockito-core/latest/org/mockito/Mockito.html#0.3
WARNING: A Java agent has been loaded dynamically (C:\Users\Ramesh\.m2\repository\net\bytebuddy\byte-buddy-agent\1.15.11\byte-buddy-agent-1.15.11.jar)
WARNING: If a serviceability tool is in use, please run with -XX:+EnableDynamicAgentLoading to hide this warning
WARNING: If a serviceability tool is not in use, please run with -Djdk.instrument.traceUsage for more information
WARNING: Dynamic loading of agents will be disallowed by default in a future release
]]></system-err>
  </testcase>
</testsuite>